Analysis & Synthesis report for Telemetre
Wed Sep 29 22:40:10 2021
Quartus II 64-Bit Version 13.0.1 Build 232 06/12/2013 Service Pack 1 SJ Web Edition


---------------------
; Table of Contents ;
---------------------
  1. Legal Notice
  2. Analysis & Synthesis Summary
  3. Analysis & Synthesis Settings
  4. Parallel Compilation
  5. Analysis & Synthesis Source Files Read
  6. Analysis & Synthesis Resource Usage Summary
  7. Analysis & Synthesis Resource Utilization by Entity
  8. General Register Statistics
  9. Multiplexer Restructuring Statistics (Restructuring Performed)
 10. Parameter Settings for User Entity Instance: FreqDividerTL:Diviseur
 11. Parameter Settings for User Entity Instance: CptNBitsNat:CntDist
 12. Parameter Settings for User Entity Instance: Memoire:Mem
 13. Parameter Settings for User Entity Instance: ComparateurTL:CompDist
 14. Parameter Settings for User Entity Instance: Aff7Seg:Aff1
 15. Parameter Settings for User Entity Instance: Aff7Seg:Aff2
 16. Parameter Settings for User Entity Instance: Aff7Seg:Aff3
 17. Parameter Settings for Inferred Entity Instance: Split8BitsBy3:Spliter|lpm_divide:Div1
 18. Parameter Settings for Inferred Entity Instance: Split8BitsBy3:Spliter|lpm_divide:Div0
 19. Parameter Settings for Inferred Entity Instance: Split8BitsBy3:Spliter|lpm_mult:Mult0
 20. lpm_mult Parameter Settings by Entity Instance
 21. Port Connectivity Checks: "Split8BitsBy3:Spliter"
 22. Port Connectivity Checks: "CptNBitsNat:CntDist"
 23. Elapsed Time Per Partition
 24. Analysis & Synthesis Messages



----------------
; Legal Notice ;
----------------
Copyright (C) 1991-2013 Altera Corporation
Your use of Altera Corporation's design tools, logic functions 
and other software and tools, and its AMPP partner logic 
functions, and any output files from any of the foregoing 
(including device programming or simulation files), and any 
associated documentation or information are expressly subject 
to the terms and conditions of the Altera Program License 
Subscription Agreement, Altera MegaCore Function License 
Agreement, or other applicable license agreement, including, 
without limitation, that your use is for the sole purpose of 
programming logic devices manufactured by Altera and sold by 
Altera or its authorized distributors.  Please refer to the 
applicable agreement for further details.



+--------------------------------------------------------------------------------------+
; Analysis & Synthesis Summary                                                         ;
+------------------------------------+-------------------------------------------------+
; Analysis & Synthesis Status        ; Successful - Wed Sep 29 22:40:10 2021           ;
; Quartus II 64-Bit Version          ; 13.0.1 Build 232 06/12/2013 SP 1 SJ Web Edition ;
; Revision Name                      ; Telemetre                                       ;
; Top-level Entity Name              ; Telemetre                                       ;
; Family                             ; Cyclone IV E                                    ;
; Total logic elements               ; 215                                             ;
;     Total combinational functions  ; 206                                             ;
;     Dedicated logic registers      ; 31                                              ;
; Total registers                    ; 31                                              ;
; Total pins                         ; 24                                              ;
; Total virtual pins                 ; 0                                               ;
; Total memory bits                  ; 0                                               ;
; Embedded Multiplier 9-bit elements ; 0                                               ;
; Total PLLs                         ; 0                                               ;
+------------------------------------+-------------------------------------------------+


+----------------------------------------------------------------------------------------------------------------------+
; Analysis & Synthesis Settings                                                                                        ;
+----------------------------------------------------------------------------+--------------------+--------------------+
; Option                                                                     ; Setting            ; Default Value      ;
+----------------------------------------------------------------------------+--------------------+--------------------+
; Device                                                                     ; EP4CE115F29C7      ;                    ;
; Top-level entity name                                                      ; Telemetre          ; Telemetre          ;
; Family name                                                                ; Cyclone IV E       ; Cyclone IV GX      ;
; Use smart compilation                                                      ; Off                ; Off                ;
; Enable parallel Assembler and TimeQuest Timing Analyzer during compilation ; On                 ; On                 ;
; Enable compact report table                                                ; Off                ; Off                ;
; Restructure Multiplexers                                                   ; Auto               ; Auto               ;
; Create Debugging Nodes for IP Cores                                        ; Off                ; Off                ;
; Preserve fewer node names                                                  ; On                 ; On                 ;
; Disable OpenCore Plus hardware evaluation                                  ; Off                ; Off                ;
; Verilog Version                                                            ; Verilog_2001       ; Verilog_2001       ;
; VHDL Version                                                               ; VHDL_1993          ; VHDL_1993          ;
; State Machine Processing                                                   ; Auto               ; Auto               ;
; Safe State Machine                                                         ; Off                ; Off                ;
; Extract Verilog State Machines                                             ; On                 ; On                 ;
; Extract VHDL State Machines                                                ; On                 ; On                 ;
; Ignore Verilog initial constructs                                          ; Off                ; Off                ;
; Iteration limit for constant Verilog loops                                 ; 5000               ; 5000               ;
; Iteration limit for non-constant Verilog loops                             ; 250                ; 250                ;
; Add Pass-Through Logic to Inferred RAMs                                    ; On                 ; On                 ;
; Infer RAMs from Raw Logic                                                  ; On                 ; On                 ;
; Parallel Synthesis                                                         ; On                 ; On                 ;
; DSP Block Balancing                                                        ; Auto               ; Auto               ;
; NOT Gate Push-Back                                                         ; On                 ; On                 ;
; Power-Up Don't Care                                                        ; On                 ; On                 ;
; Remove Redundant Logic Cells                                               ; Off                ; Off                ;
; Remove Duplicate Registers                                                 ; On                 ; On                 ;
; Ignore CARRY Buffers                                                       ; Off                ; Off                ;
; Ignore CASCADE Buffers                                                     ; Off                ; Off                ;
; Ignore GLOBAL Buffers                                                      ; Off                ; Off                ;
; Ignore ROW GLOBAL Buffers                                                  ; Off                ; Off                ;
; Ignore LCELL Buffers                                                       ; Off                ; Off                ;
; Ignore SOFT Buffers                                                        ; On                 ; On                 ;
; Limit AHDL Integers to 32 Bits                                             ; Off                ; Off                ;
; Optimization Technique                                                     ; Balanced           ; Balanced           ;
; Carry Chain Length                                                         ; 70                 ; 70                 ;
; Auto Carry Chains                                                          ; On                 ; On                 ;
; Auto Open-Drain Pins                                                       ; On                 ; On                 ;
; Perform WYSIWYG Primitive Resynthesis                                      ; Off                ; Off                ;
; Auto ROM Replacement                                                       ; On                 ; On                 ;
; Auto RAM Replacement                                                       ; On                 ; On                 ;
; Auto DSP Block Replacement                                                 ; On                 ; On                 ;
; Auto Shift Register Replacement                                            ; Auto               ; Auto               ;
; Allow Shift Register Merging across Hierarchies                            ; Auto               ; Auto               ;
; Auto Clock Enable Replacement                                              ; On                 ; On                 ;
; Strict RAM Replacement                                                     ; Off                ; Off                ;
; Allow Synchronous Control Signals                                          ; On                 ; On                 ;
; Force Use of Synchronous Clear Signals                                     ; Off                ; Off                ;
; Auto RAM Block Balancing                                                   ; On                 ; On                 ;
; Auto RAM to Logic Cell Conversion                                          ; Off                ; Off                ;
; Auto Resource Sharing                                                      ; Off                ; Off                ;
; Allow Any RAM Size For Recognition                                         ; Off                ; Off                ;
; Allow Any ROM Size For Recognition                                         ; Off                ; Off                ;
; Allow Any Shift Register Size For Recognition                              ; Off                ; Off                ;
; Use LogicLock Constraints during Resource Balancing                        ; On                 ; On                 ;
; Ignore translate_off and synthesis_off directives                          ; Off                ; Off                ;
; Timing-Driven Synthesis                                                    ; On                 ; On                 ;
; Report Parameter Settings                                                  ; On                 ; On                 ;
; Report Source Assignments                                                  ; On                 ; On                 ;
; Report Connectivity Checks                                                 ; On                 ; On                 ;
; Ignore Maximum Fan-Out Assignments                                         ; Off                ; Off                ;
; Synchronization Register Chain Length                                      ; 2                  ; 2                  ;
; PowerPlay Power Optimization                                               ; Normal compilation ; Normal compilation ;
; HDL message level                                                          ; Level2             ; Level2             ;
; Suppress Register Optimization Related Messages                            ; Off                ; Off                ;
; Number of Removed Registers Reported in Synthesis Report                   ; 5000               ; 5000               ;
; Number of Swept Nodes Reported in Synthesis Report                         ; 5000               ; 5000               ;
; Number of Inverted Registers Reported in Synthesis Report                  ; 100                ; 100                ;
; Clock MUX Protection                                                       ; On                 ; On                 ;
; Auto Gated Clock Conversion                                                ; Off                ; Off                ;
; Block Design Naming                                                        ; Auto               ; Auto               ;
; SDC constraint protection                                                  ; Off                ; Off                ;
; Synthesis Effort                                                           ; Auto               ; Auto               ;
; Shift Register Replacement - Allow Asynchronous Clear Signal               ; On                 ; On                 ;
; Pre-Mapping Resynthesis Optimization                                       ; Off                ; Off                ;
; Analysis & Synthesis Message Level                                         ; Medium             ; Medium             ;
; Disable Register Merging Across Hierarchies                                ; Auto               ; Auto               ;
; Resource Aware Inference For Block RAM                                     ; On                 ; On                 ;
; Synthesis Seed                                                             ; 1                  ; 1                  ;
+----------------------------------------------------------------------------+--------------------+--------------------+


Parallel compilation was disabled, but you have multiple processors available. Enable parallel compilation to reduce compilation time.
+-------------------------------------+
; Parallel Compilation                ;
+----------------------------+--------+
; Processors                 ; Number ;
+----------------------------+--------+
; Number detected on machine ; 8      ;
; Maximum allowed            ; 1      ;
+----------------------------+--------+


+--------------------------------------------------------------------------------------------------------------------------------------------------------------------------------------------------+
; Analysis & Synthesis Source Files Read                                                                                                                                                           ;
+----------------------------------+-----------------+------------------------------+----------------------------------------------------------------------------------------------------+---------+
; File Name with User-Entered Path ; Used in Netlist ; File Type                    ; File Name with Absolute Path                                                                       ; Library ;
+----------------------------------+-----------------+------------------------------+----------------------------------------------------------------------------------------------------+---------+
; CptNBitsNat.v                    ; yes             ; User Verilog HDL File        ; C:/Users/Maxence DRAUD/Documents/GitHub/Projet_HDL/Projet_HDL/Telemetre/CptNBitsNat.v              ;         ;
; Split8BitsBy3.v                  ; yes             ; User Verilog HDL File        ; C:/Users/Maxence DRAUD/Documents/GitHub/Projet_HDL/Projet_HDL/Telemetre/Split8BitsBy3.v            ;         ;
; FreqDividerTL.v                  ; yes             ; User Verilog HDL File        ; C:/Users/Maxence DRAUD/Documents/GitHub/Projet_HDL/Projet_HDL/Telemetre/FreqDividerTL.v            ;         ;
; Memoire.v                        ; yes             ; User Verilog HDL File        ; C:/Users/Maxence DRAUD/Documents/GitHub/Projet_HDL/Projet_HDL/Telemetre/Memoire.v                  ;         ;
; ComparateurTL.v                  ; yes             ; User Verilog HDL File        ; C:/Users/Maxence DRAUD/Documents/GitHub/Projet_HDL/Projet_HDL/Telemetre/ComparateurTL.v            ;         ;
; Aff7Seg.v                        ; yes             ; User Verilog HDL File        ; C:/Users/Maxence DRAUD/Documents/GitHub/Projet_HDL/Projet_HDL/Telemetre/Aff7Seg.v                  ;         ;
; Telemetre.v                      ; yes             ; User Verilog HDL File        ; C:/Users/Maxence DRAUD/Documents/GitHub/Projet_HDL/Projet_HDL/Telemetre/Telemetre.v                ;         ;
; lpm_divide.tdf                   ; yes             ; Megafunction                 ; c:/altera/13.0sp1/quartus/libraries/megafunctions/lpm_divide.tdf                                   ;         ;
; abs_divider.inc                  ; yes             ; Megafunction                 ; c:/altera/13.0sp1/quartus/libraries/megafunctions/abs_divider.inc                                  ;         ;
; sign_div_unsign.inc              ; yes             ; Megafunction                 ; c:/altera/13.0sp1/quartus/libraries/megafunctions/sign_div_unsign.inc                              ;         ;
; aglobal130.inc                   ; yes             ; Megafunction                 ; c:/altera/13.0sp1/quartus/libraries/megafunctions/aglobal130.inc                                   ;         ;
; db/lpm_divide_0jm.tdf            ; yes             ; Auto-Generated Megafunction  ; C:/Users/Maxence DRAUD/Documents/GitHub/Projet_HDL/Projet_HDL/Telemetre/db/lpm_divide_0jm.tdf      ;         ;
; db/sign_div_unsign_olh.tdf       ; yes             ; Auto-Generated Megafunction  ; C:/Users/Maxence DRAUD/Documents/GitHub/Projet_HDL/Projet_HDL/Telemetre/db/sign_div_unsign_olh.tdf ;         ;
; db/alt_u_div_47f.tdf             ; yes             ; Auto-Generated Megafunction  ; C:/Users/Maxence DRAUD/Documents/GitHub/Projet_HDL/Projet_HDL/Telemetre/db/alt_u_div_47f.tdf       ;         ;
; db/add_sub_7pc.tdf               ; yes             ; Auto-Generated Megafunction  ; C:/Users/Maxence DRAUD/Documents/GitHub/Projet_HDL/Projet_HDL/Telemetre/db/add_sub_7pc.tdf         ;         ;
; db/add_sub_8pc.tdf               ; yes             ; Auto-Generated Megafunction  ; C:/Users/Maxence DRAUD/Documents/GitHub/Projet_HDL/Projet_HDL/Telemetre/db/add_sub_8pc.tdf         ;         ;
; db/lpm_divide_mhm.tdf            ; yes             ; Auto-Generated Megafunction  ; C:/Users/Maxence DRAUD/Documents/GitHub/Projet_HDL/Projet_HDL/Telemetre/db/lpm_divide_mhm.tdf      ;         ;
; db/sign_div_unsign_ekh.tdf       ; yes             ; Auto-Generated Megafunction  ; C:/Users/Maxence DRAUD/Documents/GitHub/Projet_HDL/Projet_HDL/Telemetre/db/sign_div_unsign_ekh.tdf ;         ;
; db/alt_u_div_g4f.tdf             ; yes             ; Auto-Generated Megafunction  ; C:/Users/Maxence DRAUD/Documents/GitHub/Projet_HDL/Projet_HDL/Telemetre/db/alt_u_div_g4f.tdf       ;         ;
; lpm_mult.tdf                     ; yes             ; Megafunction                 ; c:/altera/13.0sp1/quartus/libraries/megafunctions/lpm_mult.tdf                                     ;         ;
; lpm_add_sub.inc                  ; yes             ; Megafunction                 ; c:/altera/13.0sp1/quartus/libraries/megafunctions/lpm_add_sub.inc                                  ;         ;
; multcore.inc                     ; yes             ; Megafunction                 ; c:/altera/13.0sp1/quartus/libraries/megafunctions/multcore.inc                                     ;         ;
; bypassff.inc                     ; yes             ; Megafunction                 ; c:/altera/13.0sp1/quartus/libraries/megafunctions/bypassff.inc                                     ;         ;
; altshift.inc                     ; yes             ; Megafunction                 ; c:/altera/13.0sp1/quartus/libraries/megafunctions/altshift.inc                                     ;         ;
; multcore.tdf                     ; yes             ; Megafunction                 ; c:/altera/13.0sp1/quartus/libraries/megafunctions/multcore.tdf                                     ;         ;
; csa_add.inc                      ; yes             ; Megafunction                 ; c:/altera/13.0sp1/quartus/libraries/megafunctions/csa_add.inc                                      ;         ;
; mpar_add.inc                     ; yes             ; Megafunction                 ; c:/altera/13.0sp1/quartus/libraries/megafunctions/mpar_add.inc                                     ;         ;
; muleabz.inc                      ; yes             ; Megafunction                 ; c:/altera/13.0sp1/quartus/libraries/megafunctions/muleabz.inc                                      ;         ;
; mul_lfrg.inc                     ; yes             ; Megafunction                 ; c:/altera/13.0sp1/quartus/libraries/megafunctions/mul_lfrg.inc                                     ;         ;
; mul_boothc.inc                   ; yes             ; Megafunction                 ; c:/altera/13.0sp1/quartus/libraries/megafunctions/mul_boothc.inc                                   ;         ;
; alt_ded_mult.inc                 ; yes             ; Megafunction                 ; c:/altera/13.0sp1/quartus/libraries/megafunctions/alt_ded_mult.inc                                 ;         ;
; alt_ded_mult_y.inc               ; yes             ; Megafunction                 ; c:/altera/13.0sp1/quartus/libraries/megafunctions/alt_ded_mult_y.inc                               ;         ;
; dffpipe.inc                      ; yes             ; Megafunction                 ; c:/altera/13.0sp1/quartus/libraries/megafunctions/dffpipe.inc                                      ;         ;
; mpar_add.tdf                     ; yes             ; Megafunction                 ; c:/altera/13.0sp1/quartus/libraries/megafunctions/mpar_add.tdf                                     ;         ;
; altshift.tdf                     ; yes             ; Megafunction                 ; c:/altera/13.0sp1/quartus/libraries/megafunctions/altshift.tdf                                     ;         ;
+----------------------------------+-----------------+------------------------------+----------------------------------------------------------------------------------------------------+---------+


+------------------------------------------------------------------------------------------------------------------------------------------------------------------------------------------------+
; Analysis & Synthesis Resource Usage Summary                                                                                                                                                    ;
+---------------------------------------------+--------------------------------------------------------------------------------------------------------------------------------------------------+
; Resource                                    ; Usage                                                                                                                                            ;
+---------------------------------------------+--------------------------------------------------------------------------------------------------------------------------------------------------+
; Estimated Total logic elements              ; 215                                                                                                                                              ;
;                                             ;                                                                                                                                                  ;
; Total combinational functions               ; 206                                                                                                                                              ;
; Logic element usage by number of LUT inputs ;                                                                                                                                                  ;
;     -- 4 input functions                    ; 49                                                                                                                                               ;
;     -- 3 input functions                    ; 43                                                                                                                                               ;
;     -- <=2 input functions                  ; 114                                                                                                                                              ;
;                                             ;                                                                                                                                                  ;
; Logic elements by mode                      ;                                                                                                                                                  ;
;     -- normal mode                          ; 130                                                                                                                                              ;
;     -- arithmetic mode                      ; 76                                                                                                                                               ;
;                                             ;                                                                                                                                                  ;
; Total registers                             ; 31                                                                                                                                               ;
;     -- Dedicated logic registers            ; 31                                                                                                                                               ;
;     -- I/O registers                        ; 0                                                                                                                                                ;
;                                             ;                                                                                                                                                  ;
; I/O pins                                    ; 24                                                                                                                                               ;
; Embedded Multiplier 9-bit elements          ; 0                                                                                                                                                ;
; Maximum fan-out node                        ; Split8BitsBy3:Spliter|lpm_divide:Div1|lpm_divide_0jm:auto_generated|sign_div_unsign_olh:divider|alt_u_div_47f:divider|add_sub_29_result_int[5]~8 ;
; Maximum fan-out                             ; 18                                                                                                                                               ;
; Total fan-out                               ; 644                                                                                                                                              ;
; Average fan-out                             ; 2.26                                                                                                                                             ;
+---------------------------------------------+--------------------------------------------------------------------------------------------------------------------------------------------------+


+---------------------------------------------------------------------------------------------------------------------------------------------------------------------------------------------------------------------------------------------------------------------------------------------------------+
; Analysis & Synthesis Resource Utilization by Entity                                                                                                                                                                                                                                                     ;
+-------------------------------------------+-------------------+--------------+-------------+--------------+---------+-----------+------+--------------+----------------------------------------------------------------------------------------------------------------------------------+--------------+
; Compilation Hierarchy Node                ; LC Combinationals ; LC Registers ; Memory Bits ; DSP Elements ; DSP 9x9 ; DSP 18x18 ; Pins ; Virtual Pins ; Full Hierarchy Name                                                                                                              ; Library Name ;
+-------------------------------------------+-------------------+--------------+-------------+--------------+---------+-----------+------+--------------+----------------------------------------------------------------------------------------------------------------------------------+--------------+
; |Telemetre                                ; 206 (0)           ; 31 (0)       ; 0           ; 0            ; 0       ; 0         ; 24   ; 0            ; |Telemetre                                                                                                                       ; work         ;
;    |Aff7Seg:Aff1|                         ; 7 (7)             ; 0 (0)        ; 0           ; 0            ; 0       ; 0         ; 0    ; 0            ; |Telemetre|Aff7Seg:Aff1                                                                                                          ; work         ;
;    |Aff7Seg:Aff2|                         ; 7 (7)             ; 0 (0)        ; 0           ; 0            ; 0       ; 0         ; 0    ; 0            ; |Telemetre|Aff7Seg:Aff2                                                                                                          ; work         ;
;    |ComparateurTL:CompDist|               ; 3 (3)             ; 0 (0)        ; 0           ; 0            ; 0       ; 0         ; 0    ; 0            ; |Telemetre|ComparateurTL:CompDist                                                                                                ; work         ;
;    |CptNBitsNat:CntDist|                  ; 17 (17)           ; 9 (9)        ; 0           ; 0            ; 0       ; 0         ; 0    ; 0            ; |Telemetre|CptNBitsNat:CntDist                                                                                                   ; work         ;
;    |FreqDividerTL:Diviseur|               ; 21 (21)           ; 14 (14)      ; 0           ; 0            ; 0       ; 0         ; 0    ; 0            ; |Telemetre|FreqDividerTL:Diviseur                                                                                                ; work         ;
;    |Memoire:Mem|                          ; 0 (0)             ; 8 (8)        ; 0           ; 0            ; 0       ; 0         ; 0    ; 0            ; |Telemetre|Memoire:Mem                                                                                                           ; work         ;
;    |Split8BitsBy3:Spliter|                ; 151 (15)          ; 0 (0)        ; 0           ; 0            ; 0       ; 0         ; 0    ; 0            ; |Telemetre|Split8BitsBy3:Spliter                                                                                                 ; work         ;
;       |lpm_divide:Div0|                   ; 25 (0)            ; 0 (0)        ; 0           ; 0            ; 0       ; 0         ; 0    ; 0            ; |Telemetre|Split8BitsBy3:Spliter|lpm_divide:Div0                                                                                 ; work         ;
;          |lpm_divide_mhm:auto_generated|  ; 25 (0)            ; 0 (0)        ; 0           ; 0            ; 0       ; 0         ; 0    ; 0            ; |Telemetre|Split8BitsBy3:Spliter|lpm_divide:Div0|lpm_divide_mhm:auto_generated                                                   ; work         ;
;             |sign_div_unsign_ekh:divider| ; 25 (0)            ; 0 (0)        ; 0           ; 0            ; 0       ; 0         ; 0    ; 0            ; |Telemetre|Split8BitsBy3:Spliter|lpm_divide:Div0|lpm_divide_mhm:auto_generated|sign_div_unsign_ekh:divider                       ; work         ;
;                |alt_u_div_g4f:divider|    ; 25 (25)           ; 0 (0)        ; 0           ; 0            ; 0       ; 0         ; 0    ; 0            ; |Telemetre|Split8BitsBy3:Spliter|lpm_divide:Div0|lpm_divide_mhm:auto_generated|sign_div_unsign_ekh:divider|alt_u_div_g4f:divider ; work         ;
;       |lpm_divide:Div1|                   ; 108 (0)           ; 0 (0)        ; 0           ; 0            ; 0       ; 0         ; 0    ; 0            ; |Telemetre|Split8BitsBy3:Spliter|lpm_divide:Div1                                                                                 ; work         ;
;          |lpm_divide_0jm:auto_generated|  ; 108 (0)           ; 0 (0)        ; 0           ; 0            ; 0       ; 0         ; 0    ; 0            ; |Telemetre|Split8BitsBy3:Spliter|lpm_divide:Div1|lpm_divide_0jm:auto_generated                                                   ; work         ;
;             |sign_div_unsign_olh:divider| ; 108 (0)           ; 0 (0)        ; 0           ; 0            ; 0       ; 0         ; 0    ; 0            ; |Telemetre|Split8BitsBy3:Spliter|lpm_divide:Div1|lpm_divide_0jm:auto_generated|sign_div_unsign_olh:divider                       ; work         ;
;                |alt_u_div_47f:divider|    ; 108 (108)         ; 0 (0)        ; 0           ; 0            ; 0       ; 0         ; 0    ; 0            ; |Telemetre|Split8BitsBy3:Spliter|lpm_divide:Div1|lpm_divide_0jm:auto_generated|sign_div_unsign_olh:divider|alt_u_div_47f:divider ; work         ;
;       |lpm_mult:Mult0|                    ; 3 (0)             ; 0 (0)        ; 0           ; 0            ; 0       ; 0         ; 0    ; 0            ; |Telemetre|Split8BitsBy3:Spliter|lpm_mult:Mult0                                                                                  ; work         ;
;          |multcore:mult_core|             ; 3 (3)             ; 0 (0)        ; 0           ; 0            ; 0       ; 0         ; 0    ; 0            ; |Telemetre|Split8BitsBy3:Spliter|lpm_mult:Mult0|multcore:mult_core                                                               ; work         ;
+-------------------------------------------+-------------------+--------------+-------------+--------------+---------+-----------+------+--------------+----------------------------------------------------------------------------------------------------------------------------------+--------------+
Note: For table entries with two numbers listed, the numbers in parentheses indicate the number of resources of the given type used by the specific entity alone. The numbers listed outside of parentheses indicate the total resources of the given type used by the specific entity and all of its sub-entities in the hierarchy.


+------------------------------------------------------+
; General Register Statistics                          ;
+----------------------------------------------+-------+
; Statistic                                    ; Value ;
+----------------------------------------------+-------+
; Total registers                              ; 31    ;
; Number of registers using Synchronous Clear  ; 13    ;
; Number of registers using Synchronous Load   ; 0     ;
; Number of registers using Asynchronous Clear ; 0     ;
; Number of registers using Asynchronous Load  ; 0     ;
; Number of registers using Clock Enable       ; 0     ;
; Number of registers using Preset             ; 0     ;
+----------------------------------------------+-------+


+---------------------------------------------------------------------------------------------------------------------------------------------------+
; Multiplexer Restructuring Statistics (Restructuring Performed)                                                                                    ;
+--------------------+-----------+---------------+----------------------+------------------------+------------+-------------------------------------+
; Multiplexer Inputs ; Bus Width ; Baseline Area ; Area if Restructured ; Saving if Restructured ; Registered ; Example Multiplexer Output          ;
+--------------------+-----------+---------------+----------------------+------------------------+------------+-------------------------------------+
; 3:1                ; 8 bits    ; 16 LEs        ; 8 LEs                ; 8 LEs                  ; Yes        ; |Telemetre|CptNBitsNat:CntDist|Q[7] ;
+--------------------+-----------+---------------+----------------------+------------------------+------------+-------------------------------------+


+---------------------------------------------------------------------+
; Parameter Settings for User Entity Instance: FreqDividerTL:Diviseur ;
+----------------+-------+--------------------------------------------+
; Parameter Name ; Value ; Type                                       ;
+----------------+-------+--------------------------------------------+
; NBT            ; 7350  ; Signed Integer                             ;
; NBTON          ; 3675  ; Signed Integer                             ;
; POLARITY       ; 1     ; Signed Integer                             ;
; BUS_SIZE       ; 13    ; Signed Integer                             ;
+----------------+-------+--------------------------------------------+
Note: In order to hide this table in the UI and the text report file, please set the "Show Parameter Settings in Synthesis Report" option in "Analysis and Synthesis Settings -> More Settings" to "Off".


+------------------------------------------------------------------+
; Parameter Settings for User Entity Instance: CptNBitsNat:CntDist ;
+-----------------+-------+----------------------------------------+
; Parameter Name  ; Value ; Type                                   ;
+-----------------+-------+----------------------------------------+
; OUTPUT_SIZE     ; 8     ; Signed Integer                         ;
; MODULO_VALUE    ; 256   ; Signed Integer                         ;
; SET_POLARITY    ; 0     ; Signed Integer                         ;
; RESET_POLARITY  ; 1     ; Signed Integer                         ;
; CLK_ACTIVE_EDGE ; 0     ; Signed Integer                         ;
+-----------------+-------+----------------------------------------+
Note: In order to hide this table in the UI and the text report file, please set the "Show Parameter Settings in Synthesis Report" option in "Analysis and Synthesis Settings -> More Settings" to "Off".


+----------------------------------------------------------+
; Parameter Settings for User Entity Instance: Memoire:Mem ;
+----------------+-------+---------------------------------+
; Parameter Name ; Value ; Type                            ;
+----------------+-------+---------------------------------+
; BUS_SIZE       ; 8     ; Signed Integer                  ;
; GATE_POLARITY  ; 0     ; Signed Integer                  ;
+----------------+-------+---------------------------------+
Note: In order to hide this table in the UI and the text report file, please set the "Show Parameter Settings in Synthesis Report" option in "Analysis and Synthesis Settings -> More Settings" to "Off".


+---------------------------------------------------------------------+
; Parameter Settings for User Entity Instance: ComparateurTL:CompDist ;
+----------------+-------+--------------------------------------------+
; Parameter Name ; Value ; Type                                       ;
+----------------+-------+--------------------------------------------+
; COMP_VALUE     ; 15    ; Signed Integer                             ;
; BUS_SIZE       ; 8     ; Signed Integer                             ;
+----------------+-------+--------------------------------------------+
Note: In order to hide this table in the UI and the text report file, please set the "Show Parameter Settings in Synthesis Report" option in "Analysis and Synthesis Settings -> More Settings" to "Off".


+-----------------------------------------------------------+
; Parameter Settings for User Entity Instance: Aff7Seg:Aff1 ;
+-----------------+-------+---------------------------------+
; Parameter Name  ; Value ; Type                            ;
+-----------------+-------+---------------------------------+
; OUTPUT_POLARITY ; 0     ; Signed Integer                  ;
+-----------------+-------+---------------------------------+
Note: In order to hide this table in the UI and the text report file, please set the "Show Parameter Settings in Synthesis Report" option in "Analysis and Synthesis Settings -> More Settings" to "Off".


+-----------------------------------------------------------+
; Parameter Settings for User Entity Instance: Aff7Seg:Aff2 ;
+-----------------+-------+---------------------------------+
; Parameter Name  ; Value ; Type                            ;
+-----------------+-------+---------------------------------+
; OUTPUT_POLARITY ; 0     ; Signed Integer                  ;
+-----------------+-------+---------------------------------+
Note: In order to hide this table in the UI and the text report file, please set the "Show Parameter Settings in Synthesis Report" option in "Analysis and Synthesis Settings -> More Settings" to "Off".


+-----------------------------------------------------------+
; Parameter Settings for User Entity Instance: Aff7Seg:Aff3 ;
+-----------------+-------+---------------------------------+
; Parameter Name  ; Value ; Type                            ;
+-----------------+-------+---------------------------------+
; OUTPUT_POLARITY ; 0     ; Signed Integer                  ;
+-----------------+-------+---------------------------------+
Note: In order to hide this table in the UI and the text report file, please set the "Show Parameter Settings in Synthesis Report" option in "Analysis and Synthesis Settings -> More Settings" to "Off".


+----------------------------------------------------------------------------------------+
; Parameter Settings for Inferred Entity Instance: Split8BitsBy3:Spliter|lpm_divide:Div1 ;
+------------------------+----------------+----------------------------------------------+
; Parameter Name         ; Value          ; Type                                         ;
+------------------------+----------------+----------------------------------------------+
; LPM_WIDTHN             ; 32             ; Untyped                                      ;
; LPM_WIDTHD             ; 4              ; Untyped                                      ;
; LPM_NREPRESENTATION    ; UNSIGNED       ; Untyped                                      ;
; LPM_DREPRESENTATION    ; UNSIGNED       ; Untyped                                      ;
; LPM_PIPELINE           ; 0              ; Untyped                                      ;
; LPM_REMAINDERPOSITIVE  ; TRUE           ; Untyped                                      ;
; MAXIMIZE_SPEED         ; 5              ; Untyped                                      ;
; CBXI_PARAMETER         ; lpm_divide_0jm ; Untyped                                      ;
; CARRY_CHAIN            ; MANUAL         ; Untyped                                      ;
; OPTIMIZE_FOR_SPEED     ; 5              ; Untyped                                      ;
; AUTO_CARRY_CHAINS      ; ON             ; AUTO_CARRY                                   ;
; IGNORE_CARRY_BUFFERS   ; OFF            ; IGNORE_CARRY                                 ;
; AUTO_CASCADE_CHAINS    ; ON             ; AUTO_CASCADE                                 ;
; IGNORE_CASCADE_BUFFERS ; OFF            ; IGNORE_CASCADE                               ;
+------------------------+----------------+----------------------------------------------+
Note: In order to hide this table in the UI and the text report file, please set the "Show Parameter Settings in Synthesis Report" option in "Analysis and Synthesis Settings -> More Settings" to "Off".


+----------------------------------------------------------------------------------------+
; Parameter Settings for Inferred Entity Instance: Split8BitsBy3:Spliter|lpm_divide:Div0 ;
+------------------------+----------------+----------------------------------------------+
; Parameter Name         ; Value          ; Type                                         ;
+------------------------+----------------+----------------------------------------------+
; LPM_WIDTHN             ; 8              ; Untyped                                      ;
; LPM_WIDTHD             ; 7              ; Untyped                                      ;
; LPM_NREPRESENTATION    ; UNSIGNED       ; Untyped                                      ;
; LPM_DREPRESENTATION    ; UNSIGNED       ; Untyped                                      ;
; LPM_PIPELINE           ; 0              ; Untyped                                      ;
; LPM_REMAINDERPOSITIVE  ; TRUE           ; Untyped                                      ;
; MAXIMIZE_SPEED         ; 5              ; Untyped                                      ;
; CBXI_PARAMETER         ; lpm_divide_mhm ; Untyped                                      ;
; CARRY_CHAIN            ; MANUAL         ; Untyped                                      ;
; OPTIMIZE_FOR_SPEED     ; 5              ; Untyped                                      ;
; AUTO_CARRY_CHAINS      ; ON             ; AUTO_CARRY                                   ;
; IGNORE_CARRY_BUFFERS   ; OFF            ; IGNORE_CARRY                                 ;
; AUTO_CASCADE_CHAINS    ; ON             ; AUTO_CASCADE                                 ;
; IGNORE_CASCADE_BUFFERS ; OFF            ; IGNORE_CASCADE                               ;
+------------------------+----------------+----------------------------------------------+
Note: In order to hide this table in the UI and the text report file, please set the "Show Parameter Settings in Synthesis Report" option in "Analysis and Synthesis Settings -> More Settings" to "Off".


+---------------------------------------------------------------------------------------+
; Parameter Settings for Inferred Entity Instance: Split8BitsBy3:Spliter|lpm_mult:Mult0 ;
+------------------------------------------------+--------------+-----------------------+
; Parameter Name                                 ; Value        ; Type                  ;
+------------------------------------------------+--------------+-----------------------+
; AUTO_CARRY_CHAINS                              ; ON           ; AUTO_CARRY            ;
; IGNORE_CARRY_BUFFERS                           ; OFF          ; IGNORE_CARRY          ;
; AUTO_CASCADE_CHAINS                            ; ON           ; AUTO_CASCADE          ;
; IGNORE_CASCADE_BUFFERS                         ; OFF          ; IGNORE_CASCADE        ;
; LPM_WIDTHA                                     ; 4            ; Untyped               ;
; LPM_WIDTHB                                     ; 7            ; Untyped               ;
; LPM_WIDTHP                                     ; 11           ; Untyped               ;
; LPM_WIDTHR                                     ; 11           ; Untyped               ;
; LPM_WIDTHS                                     ; 1            ; Untyped               ;
; LPM_REPRESENTATION                             ; UNSIGNED     ; Untyped               ;
; LPM_PIPELINE                                   ; 0            ; Untyped               ;
; LATENCY                                        ; 0            ; Untyped               ;
; INPUT_A_IS_CONSTANT                            ; NO           ; Untyped               ;
; INPUT_B_IS_CONSTANT                            ; YES          ; Untyped               ;
; USE_EAB                                        ; OFF          ; Untyped               ;
; MAXIMIZE_SPEED                                 ; 5            ; Untyped               ;
; DEVICE_FAMILY                                  ; Cyclone IV E ; Untyped               ;
; CARRY_CHAIN                                    ; MANUAL       ; Untyped               ;
; APEX20K_TECHNOLOGY_MAPPER                      ; LUT          ; TECH_MAPPER_APEX20K   ;
; DEDICATED_MULTIPLIER_CIRCUITRY                 ; AUTO         ; Untyped               ;
; DEDICATED_MULTIPLIER_MIN_INPUT_WIDTH_FOR_AUTO  ; 0            ; Untyped               ;
; DEDICATED_MULTIPLIER_MIN_OUTPUT_WIDTH_FOR_AUTO ; 0            ; Untyped               ;
; CBXI_PARAMETER                                 ; NOTHING      ; Untyped               ;
; INPUT_A_FIXED_VALUE                            ; Bx           ; Untyped               ;
; INPUT_B_FIXED_VALUE                            ; Bx           ; Untyped               ;
; USE_AHDL_IMPLEMENTATION                        ; OFF          ; Untyped               ;
+------------------------------------------------+--------------+-----------------------+
Note: In order to hide this table in the UI and the text report file, please set the "Show Parameter Settings in Synthesis Report" option in "Analysis and Synthesis Settings -> More Settings" to "Off".


+------------------------------------------------------------------------------+
; lpm_mult Parameter Settings by Entity Instance                               ;
+---------------------------------------+--------------------------------------+
; Name                                  ; Value                                ;
+---------------------------------------+--------------------------------------+
; Number of entity instances            ; 1                                    ;
; Entity Instance                       ; Split8BitsBy3:Spliter|lpm_mult:Mult0 ;
;     -- LPM_WIDTHA                     ; 4                                    ;
;     -- LPM_WIDTHB                     ; 7                                    ;
;     -- LPM_WIDTHP                     ; 11                                   ;
;     -- LPM_REPRESENTATION             ; UNSIGNED                             ;
;     -- INPUT_A_IS_CONSTANT            ; NO                                   ;
;     -- INPUT_B_IS_CONSTANT            ; YES                                  ;
;     -- USE_EAB                        ; OFF                                  ;
;     -- DEDICATED_MULTIPLIER_CIRCUITRY ; AUTO                                 ;
;     -- INPUT_A_FIXED_VALUE            ; Bx                                   ;
;     -- INPUT_B_FIXED_VALUE            ; Bx                                   ;
+---------------------------------------+--------------------------------------+


+----------------------------------------------------------------------------------------------------------------+
; Port Connectivity Checks: "Split8BitsBy3:Spliter"                                                              ;
+------+--------+----------+-------------------------------------------------------------------------------------+
; Port ; Type   ; Severity ; Details                                                                             ;
+------+--------+----------+-------------------------------------------------------------------------------------+
; S3   ; Output ; Info     ; Connected to dangling logic. Logic that only feeds a dangling port will be removed. ;
+------+--------+----------+-------------------------------------------------------------------------------------+


+------------------------------------------------------------------------------------------------------------------------------------------------------------------------------------------------------------------+
; Port Connectivity Checks: "CptNBitsNat:CntDist"                                                                                                                                                                  ;
+----------+-------+----------+------------------------------------------------------------------------------------------------------------------------------------------------------------------------------------+
; Port     ; Type  ; Severity ; Details                                                                                                                                                                            ;
+----------+-------+----------+------------------------------------------------------------------------------------------------------------------------------------------------------------------------------------+
; nSet     ; Input ; Warning  ; Input port expression (32 bits) is wider than the input port (1 bits) it drives.  The 31 most-significant bit(s) in the expression will be dangling if they have no other fanouts. ;
; nSet[-1] ; Input ; Info     ; Stuck at VCC                                                                                                                                                                       ;
+----------+-------+----------+------------------------------------------------------------------------------------------------------------------------------------------------------------------------------------+


+-------------------------------+
; Elapsed Time Per Partition    ;
+----------------+--------------+
; Partition Name ; Elapsed Time ;
+----------------+--------------+
; Top            ; 00:00:01     ;
+----------------+--------------+


+-------------------------------+
; Analysis & Synthesis Messages ;
+-------------------------------+
Info: *******************************************************************
Info: Running Quartus II 64-Bit Analysis & Synthesis
    Info: Version 13.0.1 Build 232 06/12/2013 Service Pack 1 SJ Web Edition
    Info: Processing started: Wed Sep 29 22:40:07 2021
Info: Command: quartus_map --read_settings_files=on --write_settings_files=off Telemetre -c Telemetre
Warning (20028): Parallel compilation is not licensed and has been disabled
Info (12021): Found 1 design units, including 1 entities, in source file cptnbitsnat.v
    Info (12023): Found entity 1: CptNBitsNat
Info (12021): Found 1 design units, including 1 entities, in source file split8bitsby3.v
    Info (12023): Found entity 1: Split8BitsBy3
Info (12021): Found 1 design units, including 1 entities, in source file freqdividertl.v
    Info (12023): Found entity 1: FreqDividerTL
Info (12021): Found 1 design units, including 1 entities, in source file memoire.v
    Info (12023): Found entity 1: Memoire
Info (12021): Found 1 design units, including 1 entities, in source file comparateurtl.v
    Info (12023): Found entity 1: ComparateurTL
Info (12021): Found 1 design units, including 1 entities, in source file alerteproxitl.v
    Info (12023): Found entity 1: AlerteProxiTL
Info (12021): Found 1 design units, including 1 entities, in source file aff7seg.v
    Info (12023): Found entity 1: Aff7Seg
Info (12021): Found 1 design units, including 1 entities, in source file telemetre.v
    Info (12023): Found entity 1: Telemetre
Info (12127): Elaborating entity "Telemetre" for the top level hierarchy
Info (12128): Elaborating entity "FreqDividerTL" for hierarchy "FreqDividerTL:Diviseur"
Warning (10230): Verilog HDL assignment warning at FreqDividerTL.v(23): truncated value with size 32 to match size of target (13)
Warning (10230): Verilog HDL assignment warning at FreqDividerTL.v(32): truncated value with size 32 to match size of target (1)
Warning (10230): Verilog HDL assignment warning at FreqDividerTL.v(36): truncated value with size 32 to match size of target (1)
Info (12128): Elaborating entity "CptNBitsNat" for hierarchy "CptNBitsNat:CntDist"
Warning (10230): Verilog HDL assignment warning at CptNBitsNat.v(31): truncated value with size 32 to match size of target (8)
Warning (10230): Verilog HDL assignment warning at CptNBitsNat.v(37): truncated value with size 32 to match size of target (8)
Info (12128): Elaborating entity "Memoire" for hierarchy "Memoire:Mem"
Info (12128): Elaborating entity "ComparateurTL" for hierarchy "ComparateurTL:CompDist"
Info (12128): Elaborating entity "Split8BitsBy3" for hierarchy "Split8BitsBy3:Spliter"
Warning (10230): Verilog HDL assignment warning at Split8BitsBy3.v(10): truncated value with size 32 to match size of target (4)
Warning (10230): Verilog HDL assignment warning at Split8BitsBy3.v(11): truncated value with size 32 to match size of target (4)
Warning (10230): Verilog HDL assignment warning at Split8BitsBy3.v(12): truncated value with size 32 to match size of target (4)
Info (12128): Elaborating entity "Aff7Seg" for hierarchy "Aff7Seg:Aff1"
Info (278001): Inferred 3 megafunctions from design logic
    Info (278004): Inferred divider/modulo megafunction ("lpm_divide") from the following logic: "Split8BitsBy3:Spliter|Div1"
    Info (278004): Inferred divider/modulo megafunction ("lpm_divide") from the following logic: "Split8BitsBy3:Spliter|Div0"
    Info (278003): Inferred multiplier megafunction ("lpm_mult") from the following logic: "Split8BitsBy3:Spliter|Mult0"
Info (12130): Elaborated megafunction instantiation "Split8BitsBy3:Spliter|lpm_divide:Div1"
Info (12133): Instantiated megafunction "Split8BitsBy3:Spliter|lpm_divide:Div1" with the following parameter:
    Info (12134): Parameter "LPM_WIDTHN" = "32"
    Info (12134): Parameter "LPM_WIDTHD" = "4"
    Info (12134): Parameter "LPM_NREPRESENTATION" = "UNSIGNED"
    Info (12134): Parameter "LPM_DREPRESENTATION" = "UNSIGNED"
Info (12021): Found 1 design units, including 1 entities, in source file db/lpm_divide_0jm.tdf
    Info (12023): Found entity 1: lpm_divide_0jm
Info (12021): Found 1 design units, including 1 entities, in source file db/sign_div_unsign_olh.tdf
    Info (12023): Found entity 1: sign_div_unsign_olh
Info (12021): Found 1 design units, including 1 entities, in source file db/alt_u_div_47f.tdf
    Info (12023): Found entity 1: alt_u_div_47f
Info (12021): Found 1 design units, including 1 entities, in source file db/add_sub_7pc.tdf
    Info (12023): Found entity 1: add_sub_7pc
Info (12021): Found 1 design units, including 1 entities, in source file db/add_sub_8pc.tdf
    Info (12023): Found entity 1: add_sub_8pc
Info (12130): Elaborated megafunction instantiation "Split8BitsBy3:Spliter|lpm_divide:Div0"
Info (12133): Instantiated megafunction "Split8BitsBy3:Spliter|lpm_divide:Div0" with the following parameter:
    Info (12134): Parameter "LPM_WIDTHN" = "8"
    Info (12134): Parameter "LPM_WIDTHD" = "7"
    Info (12134): Parameter "LPM_NREPRESENTATION" = "UNSIGNED"
    Info (12134): Parameter "LPM_DREPRESENTATION" = "UNSIGNED"
Info (12021): Found 1 design units, including 1 entities, in source file db/lpm_divide_mhm.tdf
    Info (12023): Found entity 1: lpm_divide_mhm
Info (12021): Found 1 design units, including 1 entities, in source file db/sign_div_unsign_ekh.tdf
    Info (12023): Found entity 1: sign_div_unsign_ekh
Info (12021): Found 1 design units, including 1 entities, in source file db/alt_u_div_g4f.tdf
    Info (12023): Found entity 1: alt_u_div_g4f
Info (12130): Elaborated megafunction instantiation "Split8BitsBy3:Spliter|lpm_mult:Mult0"
Info (12133): Instantiated megafunction "Split8BitsBy3:Spliter|lpm_mult:Mult0" with the following parameter:
    Info (12134): Parameter "LPM_WIDTHA" = "4"
    Info (12134): Parameter "LPM_WIDTHB" = "7"
    Info (12134): Parameter "LPM_WIDTHP" = "11"
    Info (12134): Parameter "LPM_WIDTHR" = "11"
    Info (12134): Parameter "LPM_WIDTHS" = "1"
    Info (12134): Parameter "LPM_REPRESENTATION" = "UNSIGNED"
    Info (12134): Parameter "INPUT_A_IS_CONSTANT" = "NO"
    Info (12134): Parameter "INPUT_B_IS_CONSTANT" = "YES"
    Info (12134): Parameter "MAXIMIZE_SPEED" = "5"
Info (12131): Elaborated megafunction instantiation "Split8BitsBy3:Spliter|lpm_mult:Mult0|multcore:mult_core", which is child of megafunction instantiation "Split8BitsBy3:Spliter|lpm_mult:Mult0"
Info (12131): Elaborated megafunction instantiation "Split8BitsBy3:Spliter|lpm_mult:Mult0|multcore:mult_core|mpar_add:padder", which is child of megafunction instantiation "Split8BitsBy3:Spliter|lpm_mult:Mult0"
Info (12131): Elaborated megafunction instantiation "Split8BitsBy3:Spliter|lpm_mult:Mult0|altshift:external_latency_ffs", which is child of megafunction instantiation "Split8BitsBy3:Spliter|lpm_mult:Mult0"
Warning (12241): 1 hierarchies have connectivity warnings - see the Connectivity Checks report folder
Info (286030): Timing-Driven Synthesis is running
Info (16010): Generating hard_block partition "hard_block:auto_generated_inst"
    Info (16011): Adding 0 node(s), including 0 DDIO, 0 PLL, 0 transceiver and 0 LCELL
Info (21057): Implemented 239 device resources after synthesis - the final resource count might be different
    Info (21058): Implemented 2 input pins
    Info (21059): Implemented 22 output pins
    Info (21061): Implemented 215 logic cells
Info: Quartus II 64-Bit Analysis & Synthesis was successful. 0 errors, 10 warnings
    Info: Peak virtual memory: 4618 megabytes
    Info: Processing ended: Wed Sep 29 22:40:10 2021
    Info: Elapsed time: 00:00:03
    Info: Total CPU time (on all processors): 00:00:02


